test@ubuntu:~/open5gs$ sudo ./build/tests/app/5gc
Open5GS daemon v2.7.0-119-g581d255

04/03 03:58:22.621: [app] INFO: Configuration: '/home/test/open5gs/build/configs/sample.yaml' (../lib/app/ogs-init.c:130)
Open5GS daemon v2.7.0-119-g581d255

04/03 03:58:22.630: [app] INFO: Configuration: '/home/test/open5gs/build/configs/sample.yaml' (../lib/app/ogs-init.c:130)
04/03 03:58:22.632: [sbi] INFO: nghttp2_server() [http://127.0.0.10]:7777 (../lib/sbi/nghttp2-server.c:417)
04/03 03:58:22.632: [app] INFO: NRF initialize...done (../src/nrf/app.c:31)
Open5GS daemon v2.7.0-119-g581d255

04/03 03:58:22.680: [app] INFO: Configuration: '/home/test/open5gs/build/configs/sample.yaml' (../lib/app/ogs-init.c:130)
04/03 03:58:22.682: [sbi] INFO: nghttp2_server() [http://127.0.0.200]:7777 (../lib/sbi/nghttp2-server.c:417)
04/03 03:58:22.682: [app] INFO: SCP initialize...done (../src/scp/app.c:31)
04/03 03:58:22.688: [nrf] INFO: [16a6286c-f1a9-41ee-937b-f16e14923039] NF registered [Heartbeat:10s] (../src/nrf/nf-sm.c:191)
04/03 03:58:22.688: [sbi] INFO: [16a6286c-f1a9-41ee-937b-f16e14923039] NF registered [Heartbeat:10s] (../lib/sbi/nf-sm.c:223)
04/03 03:58:22.689: [nrf] INFO: [16a74d82-f1a9-41ee-9cff-a51e117bc901] Subscription created until 2024-04-04T03:58:22.689437-07:00 [validity_duration:86400] (../src/nrf/nnrf-handler.c:448)
04/03 03:58:22.689: [nrf] INFO: [16a7564c-f1a9-41ee-9cff-a51e117bc901] Subscription created until 2024-04-04T03:58:22.689651-07:00 [validity_duration:86400] (../src/nrf/nnrf-handler.c:448)
04/03 03:58:22.689: [nrf] INFO: [16a75aac-f1a9-41ee-9cff-a51e117bc901] Subscription created until 2024-04-04T03:58:22.689763-07:00 [validity_duration:86400] (../src/nrf/nnrf-handler.c:448)
04/03 03:58:22.689: [nrf] INFO: [16a7607e-f1a9-41ee-9cff-a51e117bc901] Subscription created until 2024-04-04T03:58:22.689912-07:00 [validity_duration:86400] (../src/nrf/nnrf-handler.c:448)
04/03 03:58:22.690: [nrf] INFO: [16a76786-f1a9-41ee-9cff-a51e117bc901] Subscription created until 2024-04-04T03:58:22.690092-07:00 [validity_duration:86400] (../src/nrf/nnrf-handler.c:448)
04/03 03:58:22.690: [sbi] INFO: [16a74d82-f1a9-41ee-9cff-a51e117bc901] Subscription created until 2024-04-04T03:58:22.689437-07:00 [duration:86400,validity:86399.999279,patch:43199.999639] (../lib/sbi/nnrf-handler.c:818)
04/03 03:58:22.690: [sbi] INFO: [16a7564c-f1a9-41ee-9cff-a51e117bc901] Subscription created until 2024-04-04T03:58:22.689651-07:00 [duration:86400,validity:86399.999459,patch:43199.999729] (../lib/sbi/nnrf-handler.c:818)
04/03 03:58:22.690: [sbi] INFO: [16a75aac-f1a9-41ee-9cff-a51e117bc901] Subscription created until 2024-04-04T03:58:22.689763-07:00 [duration:86400,validity:86399.999424,patch:43199.999712] (../lib/sbi/nnrf-handler.c:818)
04/03 03:58:22.690: [nrf] INFO: [16a77b0e-f1a9-41ee-9cff-a51e117bc901] Subscription created until 2024-04-04T03:58:22.690593-07:00 [validity_duration:86400] (../src/nrf/nnrf-handler.c:448)
04/03 03:58:22.690: [sbi] INFO: [16a7607e-f1a9-41ee-9cff-a51e117bc901] Subscription created until 2024-04-04T03:58:22.689912-07:00 [duration:86400,validity:86399.999176,patch:43199.999588] (../lib/sbi/nnrf-handler.c:818)
04/03 03:58:22.690: [nrf] INFO: [16a78284-f1a9-41ee-9cff-a51e117bc901] Subscription created until 2024-04-04T03:58:22.690782-07:00 [validity_duration:86400] (../src/nrf/nnrf-handler.c:448)
04/03 03:58:22.690: [sbi] INFO: [16a76786-f1a9-41ee-9cff-a51e117bc901] Subscription created until 2024-04-04T03:58:22.690092-07:00 [duration:86400,validity:86399.999147,patch:43199.999573] (../lib/sbi/nnrf-handler.c:818)
04/03 03:58:22.691: [nrf] INFO: [16a78c02-f1a9-41ee-9cff-a51e117bc901] Subscription created until 2024-04-04T03:58:22.691027-07:00 [validity_duration:86400] (../src/nrf/nnrf-handler.c:448)
04/03 03:58:22.691: [sbi] INFO: [16a77b0e-f1a9-41ee-9cff-a51e117bc901] Subscription created until 2024-04-04T03:58:22.690593-07:00 [duration:86400,validity:86399.999451,patch:43199.999725] (../lib/sbi/nnrf-handler.c:818)
04/03 03:58:22.691: [nrf] INFO: [16a79558-f1a9-41ee-9cff-a51e117bc901] Subscription created until 2024-04-04T03:58:22.691265-07:00 [validity_duration:86400] (../src/nrf/nnrf-handler.c:448)
04/03 03:58:22.691: [sbi] INFO: [16a78284-f1a9-41ee-9cff-a51e117bc901] Subscription created until 2024-04-04T03:58:22.690782-07:00 [duration:86400,validity:86399.999425,patch:43199.999712] (../lib/sbi/nnrf-handler.c:818)
04/03 03:58:22.691: [sbi] INFO: [16a78c02-f1a9-41ee-9cff-a51e117bc901] Subscription created until 2024-04-04T03:58:22.691027-07:00 [duration:86400,validity:86399.999517,patch:43199.999758] (../lib/sbi/nnrf-handler.c:818)
04/03 03:58:22.691: [sbi] INFO: [16a79558-f1a9-41ee-9cff-a51e117bc901] Subscription created until 2024-04-04T03:58:22.691265-07:00 [duration:86400,validity:86399.999690,patch:43199.999845] (../lib/sbi/nnrf-handler.c:818)
Open5GS daemon v2.7.0-119-g581d255

04/03 03:58:22.728: [app] INFO: Configuration: '/home/test/open5gs/build/configs/sample.yaml' (../lib/app/ogs-init.c:130)
Open5GS daemon v2.7.0-119-g581d255

04/03 03:58:22.788: [app] INFO: Configuration: '/home/test/open5gs/build/configs/sample.yaml' (../lib/app/ogs-init.c:130)
04/03 03:58:22.789: [pfcp] INFO: pfcp_server() [127.0.0.7]:8805 (../lib/pfcp/path.c:31)
04/03 03:58:22.789: [gtp] INFO: gtp_server() [127.0.0.7]:2152 (../lib/gtp/path.c:31)
04/03 03:58:22.789: [app] INFO: UPF initialize...done (../src/upf/app.c:31)
Open5GS daemon v2.7.0-119-g581d255

04/03 03:58:22.836: [app] INFO: Configuration: '/home/test/open5gs/build/configs/sample.yaml' (../lib/app/ogs-init.c:130)
04/03 03:58:22.840: [sbi] INFO: NF Service [namf-comm] (../lib/sbi/context.c:1841)
04/03 03:58:22.840: [sbi] INFO: nghttp2_server() [http://127.0.0.5]:7777 (../lib/sbi/nghttp2-server.c:417)
04/03 03:58:22.840: [amf] INFO: ngap_server() [127.0.0.5]:38412 (../src/amf/ngap-sctp.c:62)
04/03 03:58:22.841: [sctp] INFO: AMF initialize...done (../src/amf/app.c:33)
04/03 03:58:22.841: [nrf] INFO: [16be1062-f1a9-41ee-8fcd-c932df6b41cb] NF registered [Heartbeat:10s] (../src/nrf/nf-sm.c:191)
04/03 03:58:22.842: [sbi] INFO: (NRF-notify) NF registered [16be1062-f1a9-41ee-8fcd-c932df6b41cb:1] (../lib/sbi/nnrf-handler.c:1030)
04/03 03:58:22.842: [sbi] INFO: [AMF] (NRF-notify) NF Profile updated [16be1062-f1a9-41ee-8fcd-c932df6b41cb:1] (../lib/sbi/nnrf-handler.c:1046)
04/03 03:58:22.842: [sbi] INFO: [16be1062-f1a9-41ee-8fcd-c932df6b41cb] NF registered [Heartbeat:10s] (../lib/sbi/nf-sm.c:223)
04/03 03:58:22.843: [nrf] INFO: [16bed6fa-f1a9-41ee-9cff-a51e117bc901] Subscription created until 2024-04-04T03:58:22.843684-07:00 [validity_duration:86400] (../src/nrf/nnrf-handler.c:448)
04/03 03:58:22.843: [nrf] INFO: [16bee0a0-f1a9-41ee-9cff-a51e117bc901] Subscription created until 2024-04-04T03:58:22.843929-07:00 [validity_duration:86400] (../src/nrf/nnrf-handler.c:448)
04/03 03:58:22.844: [nrf] INFO: [16beec30-f1a9-41ee-9cff-a51e117bc901] Subscription created until 2024-04-04T03:58:22.844225-07:00 [validity_duration:86400] (../src/nrf/nnrf-handler.c:448)
04/03 03:58:22.844: [nrf] INFO: [16bef87e-f1a9-41ee-9cff-a51e117bc901] Subscription created until 2024-04-04T03:58:22.844552-07:00 [validity_duration:86400] (../src/nrf/nnrf-handler.c:448)
04/03 03:58:22.844: [sbi] INFO: [16bed6fa-f1a9-41ee-9cff-a51e117bc901] Subscription created until 2024-04-04T03:58:22.843684-07:00 [duration:86400,validity:86399.998911,patch:43199.999455] (../lib/sbi/nnrf-handler.c:818)
04/03 03:58:22.845: [sbi] INFO: [16bee0a0-f1a9-41ee-9cff-a51e117bc901] Subscription created until 2024-04-04T03:58:22.843929-07:00 [duration:86400,validity:86399.998760,patch:43199.999380] (../lib/sbi/nnrf-handler.c:818)
04/03 03:58:22.845: [nrf] INFO: [16bf0ce2-f1a9-41ee-9cff-a51e117bc901] Subscription created until 2024-04-04T03:58:22.845061-07:00 [validity_duration:86400] (../src/nrf/nnrf-handler.c:448)
04/03 03:58:22.845: [sbi] INFO: [16beec30-f1a9-41ee-9cff-a51e117bc901] Subscription created until 2024-04-04T03:58:22.844225-07:00 [duration:86400,validity:86399.998544,patch:43199.999272] (../lib/sbi/nnrf-handler.c:818)
04/03 03:58:22.845: [nrf] INFO: [16bf2178-f1a9-41ee-9cff-a51e117bc901] Subscription created until 2024-04-04T03:58:22.845590-07:00 [validity_duration:86400] (../src/nrf/nnrf-handler.c:448)
04/03 03:58:22.846: [sbi] INFO: [16bef87e-f1a9-41ee-9cff-a51e117bc901] Subscription created until 2024-04-04T03:58:22.844552-07:00 [duration:86400,validity:86399.998434,patch:43199.999217] (../lib/sbi/nnrf-handler.c:818)
04/03 03:58:22.846: [nrf] INFO: [16bf349c-f1a9-41ee-9cff-a51e117bc901] Subscription created until 2024-04-04T03:58:22.846078-07:00 [validity_duration:86400] (../src/nrf/nnrf-handler.c:448)
04/03 03:58:22.846: [sbi] INFO: [16bf0ce2-f1a9-41ee-9cff-a51e117bc901] Subscription created until 2024-04-04T03:58:22.845061-07:00 [duration:86400,validity:86399.998667,patch:43199.999333] (../lib/sbi/nnrf-handler.c:818)
04/03 03:58:22.846: [sbi] INFO: [16bf2178-f1a9-41ee-9cff-a51e117bc901] Subscription created until 2024-04-04T03:58:22.845590-07:00 [duration:86400,validity:86399.998950,patch:43199.999475] (../lib/sbi/nnrf-handler.c:818)
04/03 03:58:22.846: [sbi] INFO: [16bf349c-f1a9-41ee-9cff-a51e117bc901] Subscription created until 2024-04-04T03:58:22.846078-07:00 [duration:86400,validity:86399.999297,patch:43199.999648] (../lib/sbi/nnrf-handler.c:818)
Open5GS daemon v2.7.0-119-g581d255

04/03 03:58:22.885: [app] INFO: Configuration: '/home/test/open5gs/build/configs/sample.yaml' (../lib/app/ogs-init.c:130)
04/03 03:58:22.886: [gtp] INFO: gtp_server() [127.0.0.4]:2123 (../lib/gtp/path.c:31)
04/03 03:58:22.886: [gtp] INFO: gtp_server() [127.0.0.4]:2152 (../lib/gtp/path.c:31)
04/03 03:58:22.886: [pfcp] INFO: pfcp_server() [127.0.0.4]:8805 (../lib/pfcp/path.c:31)
04/03 03:58:22.886: [pfcp] INFO: ogs_pfcp_connect() [127.0.0.7]:8805 (../lib/pfcp/path.c:62)
04/03 03:58:22.887: [sbi] INFO: NF Service [nsmf-pdusession] (../lib/sbi/context.c:1841)
04/03 03:58:22.887: [pfcp] INFO: ogs_pfcp_connect() [127.0.0.4]:8805 (../lib/pfcp/path.c:62)
04/03 03:58:22.887: [upf] INFO: PFCP associated [127.0.0.4]:8805 (../src/upf/pfcp-sm.c:186)
04/03 03:58:22.887: [sbi] INFO: nghttp2_server() [http://127.0.0.4]:7777 (../lib/sbi/nghttp2-server.c:417)
04/03 03:58:22.887: [app] INFO: SMF initialize...done (../src/smf/app.c:31)
04/03 03:58:22.888: [sbi] INFO: NF Service [nausf-auth] (../lib/sbi/context.c:1841)
04/03 03:58:22.888: [smf] INFO: PFCP associated [127.0.0.7]:8805 (../src/smf/pfcp-sm.c:205)
04/03 03:58:22.888: [sbi] INFO: nghttp2_server() [http://127.0.0.11]:7777 (../lib/sbi/nghttp2-server.c:417)
04/03 03:58:22.888: [app] INFO: AUSF initialize...done (../src/ausf/app.c:31)
04/03 03:58:22.888: [nrf] INFO: [16bfa184-f1a9-41ee-8e4b-fbacb7566ecf] NF registered [Heartbeat:10s] (../src/nrf/nf-sm.c:191)
04/03 03:58:22.889: [nrf] INFO: [16c59b34-f1a9-41ee-bcf1-3b0e35178c6e] NF registered [Heartbeat:10s] (../src/nrf/nf-sm.c:191)
04/03 03:58:22.889: [sbi] INFO: (NRF-notify) NF registered [16bfa184-f1a9-41ee-8e4b-fbacb7566ecf:1] (../lib/sbi/nnrf-handler.c:1030)
04/03 03:58:22.889: [sbi] INFO: [SMF] (NRF-notify) NF Profile updated [16bfa184-f1a9-41ee-8e4b-fbacb7566ecf:1] (../lib/sbi/nnrf-handler.c:1046)
04/03 03:58:22.889: [sbi] INFO: (NRF-notify) NF registered [16bfa184-f1a9-41ee-8e4b-fbacb7566ecf:1] (../lib/sbi/nnrf-handler.c:1030)
04/03 03:58:22.889: [sbi] INFO: [SMF] (NRF-notify) NF Profile updated [16bfa184-f1a9-41ee-8e4b-fbacb7566ecf:1] (../lib/sbi/nnrf-handler.c:1046)
04/03 03:58:22.889: [sbi] INFO: (NRF-notify) NF registered [16c59b34-f1a9-41ee-bcf1-3b0e35178c6e:1] (../lib/sbi/nnrf-handler.c:1030)
04/03 03:58:22.889: [sbi] INFO: [AUSF] (NRF-notify) NF Profile updated [16c59b34-f1a9-41ee-bcf1-3b0e35178c6e:1] (../lib/sbi/nnrf-handler.c:1046)
04/03 03:58:22.890: [sbi] INFO: (NRF-notify) NF registered [16c59b34-f1a9-41ee-bcf1-3b0e35178c6e:1] (../lib/sbi/nnrf-handler.c:1030)
04/03 03:58:22.890: [sbi] INFO: [AUSF] (NRF-notify) NF Profile updated [16c59b34-f1a9-41ee-bcf1-3b0e35178c6e:1] (../lib/sbi/nnrf-handler.c:1046)
04/03 03:58:22.890: [sbi] INFO: [16c59b34-f1a9-41ee-bcf1-3b0e35178c6e] NF registered [Heartbeat:10s] (../lib/sbi/nf-sm.c:223)
04/03 03:58:22.890: [sbi] INFO: [16bfa184-f1a9-41ee-8e4b-fbacb7566ecf] NF registered [Heartbeat:10s] (../lib/sbi/nf-sm.c:223)
04/03 03:58:22.891: [nrf] INFO: [16c62b3a-f1a9-41ee-9cff-a51e117bc901] Subscription created until 2024-04-04T03:58:22.891716-07:00 [validity_duration:86400] (../src/nrf/nnrf-handler.c:448)
04/03 03:58:22.891: [nrf] INFO: [16c62edc-f1a9-41ee-9cff-a51e117bc901] Subscription created until 2024-04-04T03:58:22.891806-07:00 [validity_duration:86400] (../src/nrf/nnrf-handler.c:448)
04/03 03:58:22.891: [nrf] INFO: [16c631ac-f1a9-41ee-9cff-a51e117bc901] Subscription created until 2024-04-04T03:58:22.891877-07:00 [validity_duration:86400] (../src/nrf/nnrf-handler.c:448)
04/03 03:58:22.892: [nrf] INFO: [16c63a62-f1a9-41ee-9cff-a51e117bc901] Subscription created until 2024-04-04T03:58:22.892101-07:00 [validity_duration:86400] (../src/nrf/nnrf-handler.c:448)
04/03 03:58:22.893: [sbi] INFO: [16c62b3a-f1a9-41ee-9cff-a51e117bc901] Subscription created until 2024-04-04T03:58:22.891716-07:00 [duration:86400,validity:86399.998581,patch:43199.999290] (../lib/sbi/nnrf-handler.c:818)
04/03 03:58:22.892: [nrf] INFO: [16c65074-f1a9-41ee-9cff-a51e117bc901] Subscription created until 2024-04-04T03:58:22.892671-07:00 [validity_duration:86400] (../src/nrf/nnrf-handler.c:448)
04/03 03:58:22.892: [nrf] INFO: [16c65cb8-f1a9-41ee-9cff-a51e117bc901] Subscription created until 2024-04-04T03:58:22.892981-07:00 [validity_duration:86400] (../src/nrf/nnrf-handler.c:448)
04/03 03:58:22.893: [nrf] INFO: [16c65fb0-f1a9-41ee-9cff-a51e117bc901] Subscription created until 2024-04-04T03:58:22.893055-07:00 [validity_duration:86400] (../src/nrf/nnrf-handler.c:448)
04/03 03:58:22.893: [sbi] INFO: [16c631ac-f1a9-41ee-9cff-a51e117bc901] Subscription created until 2024-04-04T03:58:22.891877-07:00 [duration:86400,validity:86399.998341,patch:43199.999170] (../lib/sbi/nnrf-handler.c:818)
04/03 03:58:22.893: [sbi] INFO: [16c62edc-f1a9-41ee-9cff-a51e117bc901] Subscription created until 2024-04-04T03:58:22.891806-07:00 [duration:86400,validity:86399.997872,patch:43199.998936] (../lib/sbi/nnrf-handler.c:818)
04/03 03:58:22.894: [sbi] INFO: [16c63a62-f1a9-41ee-9cff-a51e117bc901] Subscription created until 2024-04-04T03:58:22.892101-07:00 [duration:86400,validity:86399.997978,patch:43199.998989] (../lib/sbi/nnrf-handler.c:818)
04/03 03:58:22.894: [sbi] INFO: [16c65074-f1a9-41ee-9cff-a51e117bc901] Subscription created until 2024-04-04T03:58:22.892671-07:00 [duration:86400,validity:86399.998239,patch:43199.999119] (../lib/sbi/nnrf-handler.c:818)
04/03 03:58:22.894: [sbi] INFO: [16c65cb8-f1a9-41ee-9cff-a51e117bc901] Subscription created until 2024-04-04T03:58:22.892981-07:00 [duration:86400,validity:86399.998484,patch:43199.999242] (../lib/sbi/nnrf-handler.c:818)
04/03 03:58:22.894: [sbi] INFO: [16c65fb0-f1a9-41ee-9cff-a51e117bc901] Subscription created until 2024-04-04T03:58:22.893055-07:00 [duration:86400,validity:86399.998493,patch:43199.999246] (../lib/sbi/nnrf-handler.c:818)
Open5GS daemon v2.7.0-119-g581d255

04/03 03:58:22.934: [app] INFO: Configuration: '/home/test/open5gs/build/configs/sample.yaml' (../lib/app/ogs-init.c:130)
04/03 03:58:22.936: [sbi] INFO: NF Service [nudm-ueau] (../lib/sbi/context.c:1841)
04/03 03:58:22.936: [sbi] INFO: NF Service [nudm-uecm] (../lib/sbi/context.c:1841)
04/03 03:58:22.936: [sbi] INFO: NF Service [nudm-sdm] (../lib/sbi/context.c:1841)
04/03 03:58:22.936: [sbi] INFO: nghttp2_server() [http://127.0.0.12]:7777 (../lib/sbi/nghttp2-server.c:417)
04/03 03:58:22.936: [app] INFO: UDM initialize...done (../src/udm/app.c:31)
04/03 03:58:22.937: [nrf] INFO: [16ccf06e-f1a9-41ee-b962-9744b740ca27] NF registered [Heartbeat:10s] (../src/nrf/nf-sm.c:191)
04/03 03:58:22.938: [sbi] INFO: (NRF-notify) NF registered [16ccf06e-f1a9-41ee-b962-9744b740ca27:1] (../lib/sbi/nnrf-handler.c:1030)
04/03 03:58:22.938: [sbi] INFO: [UDM] (NRF-notify) NF Profile updated [16ccf06e-f1a9-41ee-b962-9744b740ca27:1] (../lib/sbi/nnrf-handler.c:1046)
04/03 03:58:22.939: [sbi] INFO: (NRF-notify) NF registered [16ccf06e-f1a9-41ee-b962-9744b740ca27:1] (../lib/sbi/nnrf-handler.c:1030)
04/03 03:58:22.939: [sbi] INFO: [UDM] (NRF-notify) NF Profile updated [16ccf06e-f1a9-41ee-b962-9744b740ca27:1] (../lib/sbi/nnrf-handler.c:1046)
04/03 03:58:22.939: [sbi] WARNING: [UDM] (NRF-notify) NF has already been added [16ccf06e-f1a9-41ee-b962-9744b740ca27:1] (../lib/sbi/nnrf-handler.c:1035)
04/03 03:58:22.939: [sbi] INFO: [UDM] (NRF-notify) NF Profile updated [16ccf06e-f1a9-41ee-b962-9744b740ca27:1] (../lib/sbi/nnrf-handler.c:1046)
04/03 03:58:22.939: [sbi] WARNING: NF EndPoint(addr) updated [127.0.0.12:80] (../lib/sbi/context.c:2210)
04/03 03:58:22.939: [sbi] WARNING: NF EndPoint(addr) updated [127.0.0.12:7777] (../lib/sbi/context.c:1946)
04/03 03:58:22.939: [sbi] INFO: (NRF-notify) NF registered [16ccf06e-f1a9-41ee-b962-9744b740ca27:1] (../lib/sbi/nnrf-handler.c:1030)
04/03 03:58:22.939: [sbi] INFO: [UDM] (NRF-notify) NF Profile updated [16ccf06e-f1a9-41ee-b962-9744b740ca27:1] (../lib/sbi/nnrf-handler.c:1046)
04/03 03:58:22.940: [sbi] INFO: [16ccf06e-f1a9-41ee-b962-9744b740ca27] NF registered [Heartbeat:10s] (../lib/sbi/nf-sm.c:223)
04/03 03:58:22.941: [nrf] INFO: [16cdb292-f1a9-41ee-9cff-a51e117bc901] Subscription created until 2024-04-04T03:58:22.941054-07:00 [validity_duration:86400] (../src/nrf/nnrf-handler.c:448)
04/03 03:58:22.941: [sbi] INFO: [16cdb292-f1a9-41ee-9cff-a51e117bc901] Subscription created until 2024-04-04T03:58:22.941054-07:00 [duration:86400,validity:86399.999746,patch:43199.999873] (../lib/sbi/nnrf-handler.c:818)
04/03 03:58:22.941: [sbi] INFO: [16cdc1ba-f1a9-41ee-9cff-a51e117bc901] Subscription created until 2024-04-04T03:58:22.941441-07:00 [duration:86400,validity:86399.999715,patch:43199.999857] (../lib/sbi/nnrf-handler.c:818)
04/03 03:58:22.941: [sbi] INFO: (NRF-notify) NF registered [16ccf06e-f1a9-41ee-b962-9744b740ca27:1] (../lib/sbi/nnrf-handler.c:1030)
04/03 03:58:22.941: [sbi] INFO: [UDM] (NRF-notify) NF Profile updated [16ccf06e-f1a9-41ee-b962-9744b740ca27:1] (../lib/sbi/nnrf-handler.c:1046)
04/03 03:58:22.941: [sbi] WARNING: [UDM] (NRF-notify) NF has already been added [16ccf06e-f1a9-41ee-b962-9744b740ca27:1] (../lib/sbi/nnrf-handler.c:1035)
04/03 03:58:22.941: [sbi] INFO: [UDM] (NRF-notify) NF Profile updated [16ccf06e-f1a9-41ee-b962-9744b740ca27:1] (../lib/sbi/nnrf-handler.c:1046)
04/03 03:58:22.941: [sbi] WARNING: NF EndPoint(addr) updated [127.0.0.12:80] (../lib/sbi/context.c:2210)
04/03 03:58:22.941: [sbi] WARNING: NF EndPoint(addr) updated [127.0.0.12:7777] (../lib/sbi/context.c:1946)
04/03 03:58:22.941: [nrf] INFO: [16cdc1ba-f1a9-41ee-9cff-a51e117bc901] Subscription created until 2024-04-04T03:58:22.941441-07:00 [validity_duration:86400] (../src/nrf/nnrf-handler.c:448)
Open5GS daemon v2.7.0-119-g581d255

04/03 03:58:22.989: [app] INFO: Configuration: '/home/test/open5gs/build/configs/sample.yaml' (../lib/app/ogs-init.c:130)
04/03 03:58:22.991: [dbi] INFO: MongoDB URI: 'mongodb://localhost/open5gs' (../lib/dbi/ogs-mongoc.c:130)
04/03 03:58:22.991: [sbi] INFO: NF Service [npcf-am-policy-control] (../lib/sbi/context.c:1841)
04/03 03:58:22.991: [sbi] INFO: NF Service [npcf-smpolicycontrol] (../lib/sbi/context.c:1841)
04/03 03:58:22.991: [sbi] INFO: NF Service [npcf-policyauthorization] (../lib/sbi/context.c:1841)
04/03 03:58:22.992: [sbi] INFO: nghttp2_server() [http://127.0.0.13]:7777 (../lib/sbi/nghttp2-server.c:417)
04/03 03:58:22.992: [app] INFO: PCF initialize...done (../src/pcf/app.c:31)
04/03 03:58:22.993: [nrf] INFO: [16d54318-f1a9-41ee-ae2c-c11de7e7c4a5] NF registered [Heartbeat:10s] (../src/nrf/nf-sm.c:191)
04/03 03:58:22.993: [sbi] INFO: (NRF-notify) NF registered [16d54318-f1a9-41ee-ae2c-c11de7e7c4a5:1] (../lib/sbi/nnrf-handler.c:1030)
04/03 03:58:22.993: [sbi] INFO: [PCF] (NRF-notify) NF Profile updated [16d54318-f1a9-41ee-ae2c-c11de7e7c4a5:1] (../lib/sbi/nnrf-handler.c:1046)
04/03 03:58:22.994: [sbi] INFO: (NRF-notify) NF registered [16d54318-f1a9-41ee-ae2c-c11de7e7c4a5:1] (../lib/sbi/nnrf-handler.c:1030)
04/03 03:58:22.994: [sbi] INFO: [PCF] (NRF-notify) NF Profile updated [16d54318-f1a9-41ee-ae2c-c11de7e7c4a5:1] (../lib/sbi/nnrf-handler.c:1046)
04/03 03:58:22.994: [sbi] INFO: (NRF-notify) NF registered [16d54318-f1a9-41ee-ae2c-c11de7e7c4a5:1] (../lib/sbi/nnrf-handler.c:1030)
04/03 03:58:22.994: [sbi] INFO: [PCF] (NRF-notify) NF Profile updated [16d54318-f1a9-41ee-ae2c-c11de7e7c4a5:1] (../lib/sbi/nnrf-handler.c:1046)
04/03 03:58:22.994: [sbi] INFO: [16d54318-f1a9-41ee-ae2c-c11de7e7c4a5] NF registered [Heartbeat:10s] (../lib/sbi/nf-sm.c:223)
04/03 03:58:22.995: [nrf] INFO: [16d5f614-f1a9-41ee-9cff-a51e117bc901] Subscription created until 2024-04-04T03:58:22.995212-07:00 [validity_duration:86400] (../src/nrf/nnrf-handler.c:448)
04/03 03:58:22.995: [nrf] INFO: [16d5ffc4-f1a9-41ee-9cff-a51e117bc901] Subscription created until 2024-04-04T03:58:22.995462-07:00 [validity_duration:86400] (../src/nrf/nnrf-handler.c:448)
04/03 03:58:22.995: [nrf] INFO: [16d60b7c-f1a9-41ee-9cff-a51e117bc901] Subscription created until 2024-04-04T03:58:22.995757-07:00 [validity_duration:86400] (../src/nrf/nnrf-handler.c:448)
04/03 03:58:22.995: [sbi] INFO: [16d5f614-f1a9-41ee-9cff-a51e117bc901] Subscription created until 2024-04-04T03:58:22.995212-07:00 [duration:86400,validity:86399.999253,patch:43199.999626] (../lib/sbi/nnrf-handler.c:818)
04/03 03:58:22.996: [sbi] INFO: [16d5ffc4-f1a9-41ee-9cff-a51e117bc901] Subscription created until 2024-04-04T03:58:22.995462-07:00 [duration:86400,validity:86399.999333,patch:43199.999666] (../lib/sbi/nnrf-handler.c:818)
04/03 03:58:22.996: [sbi] INFO: [16d60b7c-f1a9-41ee-9cff-a51e117bc901] Subscription created until 2024-04-04T03:58:22.995757-07:00 [duration:86400,validity:86399.999503,patch:43199.999751] (../lib/sbi/nnrf-handler.c:818)
Open5GS daemon v2.7.0-119-g581d255

04/03 03:58:23.035: [app] INFO: Configuration: '/home/test/open5gs/build/configs/sample.yaml' (../lib/app/ogs-init.c:130)
04/03 03:58:23.038: [sbi] INFO: NF Service [nnssf-nsselection] (../lib/sbi/context.c:1841)
04/03 03:58:23.038: [sbi] INFO: nghttp2_server() [http://127.0.0.14]:7777 (../lib/sbi/nghttp2-server.c:417)
04/03 03:58:23.038: [app] INFO: NSSF initialize...done (../src/nssf/app.c:31)
04/03 03:58:23.039: [nrf] INFO: [16dc7d86-f1a9-41ee-b759-21443068f5e7] NF registered [Heartbeat:10s] (../src/nrf/nf-sm.c:191)
04/03 03:58:23.039: [sbi] INFO: (NRF-notify) NF registered [16dc7d86-f1a9-41ee-b759-21443068f5e7:1] (../lib/sbi/nnrf-handler.c:1030)
04/03 03:58:23.039: [sbi] INFO: [NSSF] (NRF-notify) NF Profile updated [16dc7d86-f1a9-41ee-b759-21443068f5e7:1] (../lib/sbi/nnrf-handler.c:1046)
04/03 03:58:23.040: [sbi] INFO: (NRF-notify) NF registered [16dc7d86-f1a9-41ee-b759-21443068f5e7:1] (../lib/sbi/nnrf-handler.c:1030)
04/03 03:58:23.040: [sbi] INFO: [NSSF] (NRF-notify) NF Profile updated [16dc7d86-f1a9-41ee-b759-21443068f5e7:1] (../lib/sbi/nnrf-handler.c:1046)
04/03 03:58:23.040: [sbi] INFO: [16dc7d86-f1a9-41ee-b759-21443068f5e7] NF registered [Heartbeat:10s] (../lib/sbi/nf-sm.c:223)
04/03 03:58:23.041: [nrf] INFO: [16dcf446-f1a9-41ee-9cff-a51e117bc901] Subscription created until 2024-04-04T03:58:23.041040-07:00 [validity_duration:86400] (../src/nrf/nnrf-handler.c:448)
04/03 03:58:23.041: [sbi] INFO: [16dcf446-f1a9-41ee-9cff-a51e117bc901] Subscription created until 2024-04-04T03:58:23.041040-07:00 [duration:86400,validity:86399.999548,patch:43199.999774] (../lib/sbi/nnrf-handler.c:818)
Open5GS daemon v2.7.0-119-g581d255

04/03 03:58:23.089: [app] INFO: Configuration: '/home/test/open5gs/build/configs/sample.yaml' (../lib/app/ogs-init.c:130)
04/03 03:58:23.091: [sbi] INFO: NF Service [nbsf-management] (../lib/sbi/context.c:1841)
04/03 03:58:23.091: [sbi] INFO: nghttp2_server() [http://127.0.0.15]:7777 (../lib/sbi/nghttp2-server.c:417)
04/03 03:58:23.091: [app] INFO: BSF initialize...done (../src/bsf/app.c:31)
04/03 03:58:23.092: [nrf] INFO: [16e498cc-f1a9-41ee-9c14-5dced9e6db3f] NF registered [Heartbeat:10s] (../src/nrf/nf-sm.c:191)
04/03 03:58:23.093: [sbi] INFO: (NRF-notify) NF registered [16e498cc-f1a9-41ee-9c14-5dced9e6db3f:1] (../lib/sbi/nnrf-handler.c:1030)
04/03 03:58:23.093: [sbi] INFO: [BSF] (NRF-notify) NF Profile updated [16e498cc-f1a9-41ee-9c14-5dced9e6db3f:1] (../lib/sbi/nnrf-handler.c:1046)
04/03 03:58:23.093: [sbi] INFO: [16e498cc-f1a9-41ee-9c14-5dced9e6db3f] NF registered [Heartbeat:10s] (../lib/sbi/nf-sm.c:223)
04/03 03:58:23.093: [sbi] INFO: (NRF-notify) NF registered [16e498cc-f1a9-41ee-9c14-5dced9e6db3f:1] (../lib/sbi/nnrf-handler.c:1030)
04/03 03:58:23.093: [sbi] INFO: [BSF] (NRF-notify) NF Profile updated [16e498cc-f1a9-41ee-9c14-5dced9e6db3f:1] (../lib/sbi/nnrf-handler.c:1046)
04/03 03:58:23.094: [nrf] INFO: [16e51590-f1a9-41ee-9cff-a51e117bc901] Subscription created until 2024-04-04T03:58:23.094321-07:00 [validity_duration:86400] (../src/nrf/nnrf-handler.c:448)
04/03 03:58:23.094: [sbi] INFO: [16e51590-f1a9-41ee-9cff-a51e117bc901] Subscription created until 2024-04-04T03:58:23.094321-07:00 [duration:86400,validity:86399.999618,patch:43199.999809] (../lib/sbi/nnrf-handler.c:818)
Open5GS daemon v2.7.0-119-g581d255

04/03 03:58:23.143: [app] INFO: Configuration: '/home/test/open5gs/build/configs/sample.yaml' (../lib/app/ogs-init.c:130)
04/03 03:58:23.146: [dbi] INFO: MongoDB URI: 'mongodb://localhost/open5gs' (../lib/dbi/ogs-mongoc.c:130)
04/03 03:58:23.146: [sbi] INFO: NF Service [nudr-dr] (../lib/sbi/context.c:1841)
04/03 03:58:23.147: [sbi] INFO: nghttp2_server() [http://127.0.0.20]:7777 (../lib/sbi/nghttp2-server.c:417)
04/03 03:58:23.147: [app] INFO: UDR initialize...done (../src/udr/app.c:31)
04/03 03:58:23.148: [nrf] INFO: [16eceb58-f1a9-41ee-97f2-6b4854917d2d] NF registered [Heartbeat:10s] (../src/nrf/nf-sm.c:191)
04/03 03:58:23.148: [sbi] INFO: (NRF-notify) NF registered [16eceb58-f1a9-41ee-97f2-6b4854917d2d:1] (../lib/sbi/nnrf-handler.c:1030)
04/03 03:58:23.148: [sbi] INFO: [UDR] (NRF-notify) NF Profile updated [16eceb58-f1a9-41ee-97f2-6b4854917d2d:1] (../lib/sbi/nnrf-handler.c:1046)
04/03 03:58:23.149: [sbi] INFO: (NRF-notify) NF registered [16eceb58-f1a9-41ee-97f2-6b4854917d2d:1] (../lib/sbi/nnrf-handler.c:1030)
04/03 03:58:23.149: [sbi] INFO: [UDR] (NRF-notify) NF Profile updated [16eceb58-f1a9-41ee-97f2-6b4854917d2d:1] (../lib/sbi/nnrf-handler.c:1046)
04/03 03:58:23.149: [sbi] INFO: (NRF-notify) NF registered [16eceb58-f1a9-41ee-97f2-6b4854917d2d:1] (../lib/sbi/nnrf-handler.c:1030)
04/03 03:58:23.149: [sbi] INFO: [16eceb58-f1a9-41ee-97f2-6b4854917d2d] NF registered [Heartbeat:10s] (../lib/sbi/nf-sm.c:223)
04/03 03:58:23.149: [sbi] INFO: [UDR] (NRF-notify) NF Profile updated [16eceb58-f1a9-41ee-97f2-6b4854917d2d:1] (../lib/sbi/nnrf-handler.c:1046)
04/03 03:58:23.149: [nrf] INFO: [16ed929c-f1a9-41ee-9cff-a51e117bc901] Subscription created until 2024-04-04T03:58:23.149951-07:00 [validity_duration:86400] (../src/nrf/nnrf-handler.c:448)
04/03 03:58:23.150: [sbi] INFO: [16ed929c-f1a9-41ee-9cff-a51e117bc901] Subscription created until 2024-04-04T03:58:23.149951-07:00 [duration:86400,validity:86399.999596,patch:43199.999798] (../lib/sbi/nnrf-handler.c:818)
^C04/03 03:59:33.759: [app] INFO: SIGINT received (../src/main.c:54)
04/03 03:59:33.759: [app] INFO: SIGINT received (../src/main.c:54)
04/03 03:59:33.759: [app] INFO: Open5GS daemon terminating... (../src/main.c:226)
04/03 03:59:33.759: [app] INFO: SIGINT received (../src/main.c:54)
04/03 03:59:33.759: [app] INFO: Open5GS daemon terminating... (../src/main.c:226)
04/03 03:59:33.759: [sbi] INFO: [16dc7d86-f1a9-41ee-b759-21443068f5e7] NF de-registered (../lib/sbi/nf-sm.c:249)
04/03 03:59:33.759: [app] INFO: Open5GS daemon terminating... (../src/main.c:226)
04/03 03:59:33.759: [sbi] INFO: [16eceb58-f1a9-41ee-97f2-6b4854917d2d] NF de-registered (../lib/sbi/nf-sm.c:249)
04/03 03:59:33.759: [app] INFO: SIGINT received (../src/main.c:54)
04/03 03:59:33.759: [app] INFO: Open5GS daemon terminating... (../src/main.c:226)
04/03 03:59:33.759: [sbi] INFO: [16be1062-f1a9-41ee-8fcd-c932df6b41cb] NF de-registered (../lib/sbi/nf-sm.c:249)
04/03 03:59:33.759: [app] INFO: SIGINT received (../src/main.c:54)
04/03 03:59:33.759: [app] INFO: Open5GS daemon terminating... (../src/main.c:226)
04/03 03:59:33.759: [app] INFO: SIGINT received (../src/main.c:54)
04/03 03:59:33.759: [app] INFO: Open5GS daemon terminating... (../src/main.c:226)
04/03 03:59:33.759: [app] INFO: SIGINT received (../src/main.c:54)
04/03 03:59:33.759: [app] INFO: Open5GS daemon terminating... (../src/main.c:226)
04/03 03:59:33.759: [sbi] INFO: [16c59b34-f1a9-41ee-bcf1-3b0e35178c6e] NF de-registered (../lib/sbi/nf-sm.c:249)
04/03 03:59:33.759: [app] INFO: SIGINT received (../src/main.c:54)
04/03 03:59:33.759: [app] INFO: Open5GS daemon terminating... (../src/main.c:226)
04/03 03:59:33.759: [sbi] INFO: [16d54318-f1a9-41ee-ae2c-c11de7e7c4a5] NF de-registered (../lib/sbi/nf-sm.c:249)
04/03 03:59:33.759: [app] INFO: SIGINT received (../src/main.c:54)
04/03 03:59:33.759: [app] INFO: Open5GS daemon terminating... (../src/main.c:226)
04/03 03:59:33.759: [sbi] INFO: [16ccf06e-f1a9-41ee-b962-9744b740ca27] NF de-registered (../lib/sbi/nf-sm.c:249)
04/03 03:59:33.759: [app] INFO: SIGINT received (../src/main.c:54)
04/03 03:59:33.759: [app] INFO: Open5GS daemon terminating... (../src/main.c:226)
04/03 03:59:33.759: [sbi] INFO: [16a6286c-f1a9-41ee-937b-f16e14923039] NF de-registered (../lib/sbi/nf-sm.c:249)
04/03 03:59:33.759: [app] INFO: SIGINT received (../src/main.c:54)
04/03 03:59:33.759: [app] INFO: Open5GS daemon terminating... (../src/main.c:226)
04/03 03:59:33.759: [sbi] INFO: [16bfa184-f1a9-41ee-8e4b-fbacb7566ecf] NF de-registered (../lib/sbi/nf-sm.c:249)
04/03 03:59:33.759: [app] INFO: SIGINT received (../src/main.c:54)
04/03 03:59:33.759: [app] INFO: Open5GS daemon terminating... (../src/main.c:226)
04/03 03:59:33.759: [sbi] INFO: [16e498cc-f1a9-41ee-9c14-5dced9e6db3f] NF de-registered (../lib/sbi/nf-sm.c:249)
04/03 03:59:33.760: [smf] INFO: PFCP de-associated [127.0.0.7]:8805 (../src/smf/pfcp-sm.c:220)
04/03 03:59:33.760: [nrf] INFO: [16a6286c-f1a9-41ee-937b-f16e14923039] NF de-registered (../src/nrf/nf-sm.c:206)
04/03 03:59:33.760: [nrf] INFO: [16be1062-f1a9-41ee-8fcd-c932df6b41cb] NF de-registered (../src/nrf/nf-sm.c:206)
04/03 03:59:33.760: [upf] INFO: PFCP de-associated [127.0.0.4]:8805 (../src/upf/pfcp-sm.c:201)
04/03 03:59:33.760: [nrf] INFO: [16bfa184-f1a9-41ee-8e4b-fbacb7566ecf] NF de-registered (../src/nrf/nf-sm.c:206)
04/03 03:59:33.760: [nrf] INFO: [16c59b34-f1a9-41ee-bcf1-3b0e35178c6e] NF de-registered (../src/nrf/nf-sm.c:206)
04/03 03:59:33.760: [nrf] INFO: [16ccf06e-f1a9-41ee-b962-9744b740ca27] NF de-registered (../src/nrf/nf-sm.c:206)
04/03 03:59:33.760: [app] INFO: BSF terminate...done (../src/bsf/app.c:39)
04/03 03:59:33.761: [app] INFO: UDM terminate...done (../src/udm/app.c:39)
04/03 03:59:33.761: [app] INFO: SCP terminate...done (../src/scp/app.c:39)
04/03 03:59:33.790: [app] INFO: UPF terminate...done (../src/upf/app.c:39)
04/03 03:59:33.791: [sctp] INFO: AMF terminate...done (../src/amf/app.c:42)
04/03 03:59:33.762: [app] INFO: NSSF terminate...done (../src/nssf/app.c:39)
04/03 03:59:33.792: [app] INFO: UDR terminate...done (../src/udr/app.c:39)
04/03 03:59:33.791: [app] INFO: AUSF terminate...done (../src/ausf/app.c:39)
04/03 03:59:33.761: [nrf] INFO: [16d54318-f1a9-41ee-ae2c-c11de7e7c4a5] NF de-registered (../src/nrf/nf-sm.c:206)
04/03 03:59:33.761: [nrf] INFO: [16dc7d86-f1a9-41ee-b759-21443068f5e7] NF de-registered (../src/nrf/nf-sm.c:206)
04/03 03:59:33.761: [nrf] INFO: [16e498cc-f1a9-41ee-9c14-5dced9e6db3f] NF de-registered (../src/nrf/nf-sm.c:206)
04/03 03:59:33.761: [nrf] INFO: [16eceb58-f1a9-41ee-97f2-6b4854917d2d] NF de-registered (../src/nrf/nf-sm.c:206)
04/03 03:59:33.762: [app] INFO: NRF terminate...done (../src/nrf/app.c:39)
04/03 03:59:33.793: [app] INFO: PCF terminate...done (../src/pcf/app.c:39)
04/03 03:59:33.899: [app] INFO: SMF terminate...done (../src/smf/app.c:39)

