test@ubuntu:~/open5gs/build$ meson test -v
ninja: Entering directory `/home/test/open5gs/build'
ninja: no work to do.
list-test           : SUCCESS
pool-test           : SUCCESS
strings-test        : SUCCESS
time-test           : SUCCESS
conv-test           : SUCCESS
log-test            : SUCCESS
pkbuf-test          : SUCCESS
memory-test         : SUCCESS
rbtree-test         : SUCCESS
timer-test          : SUCCESS
thread-test         : SUCCESS
socket-test         : SUCCESS
queue-test          : SUCCESS
poll-test           : SUCCESS
tlv-test            : SUCCESS
fsm-test            : SUCCESS
hash-test           : SUCCESS
uuid-test           : SUCCESS
All tests passed.
 1/13 open5gs:unit / core                     OK       6.94 s
aes-test            : SUCCESS
sha-test            : SUCCESS
base64-test         : SUCCESS
ecies-test          : SUCCESS
All tests passed.
 2/13 open5gs:unit / crypt                    OK       0.12 s
sctp-test           : SUCCESS
All tests passed.
 3/13 open5gs:app / sctp                      OK       0.02 s
proto-message-test  : SUCCESS
s1ap-message-test   : SUCCESS
nas-message-test    : SUCCESS
gtp-message-test    : SUCCESS
ngap-message-test   : SUCCESS
sbi-message-test    : SUCCESS
security-test       : SUCCESS
crash-test          : SUCCESS
All tests passed.
 4/13 open5gs:unit / unit                     OK       0.04 s
04/01 00:40:08.635: [sock] ERROR: socket bind(2) [127.0.0.10]:7777 failed (98:Address already in use) (../lib/core/ogs-socket.c:116)
04/01 00:40:08.635: [sock] ERROR: tcp_server() [127.0.0.10]:7777 failed (98:Address already in use) (../lib/core/ogs-tcp.c:74)
04/01 00:40:08.635: [sbi] ERROR: Cannot start SBI server (../lib/sbi/nghttp2-server.c:389)
04/01 00:40:08.635: [app] ERROR: Failed to initialize NRF (../src/nrf/app.c:28)
04/01 00:40:08.635: [app] FATAL: Open5GS initialization failed. Aborted (../src/main.c:219)
04/01 00:40:08.636: [core] FATAL: child_main: Assertion `out_return_code == 0' failed. (../tests/common/application.c:109)
04/01 00:40:08.636: [core] FATAL: backtrace() returned 5 addresses (../lib/core/ogs-abort.c:37)
/home/test/open5gs/build/tests/registration/registration(+0x49a3a) [0x556def06da3a]
/home/test/open5gs/build/tests/registration/../../lib/core/libogscore.so.2(+0x105e8) [0x7fb1202945e8]
/lib/x86_64-linux-gnu/libpthread.so.0(+0x76db) [0x7fb11d75a6db]
/lib/x86_64-linux-gnu/libc.so.6(clone+0x3f) [0x7fb11d48361f]
 5/13 open5gs:5gc / registration              FAIL     0.17 s
04/01 00:40:08.809: [sock] ERROR: socket bind(2) [127.0.0.10]:7777 failed (98:Address already in use) (../lib/core/ogs-socket.c:116)
04/01 00:40:08.809: [sock] ERROR: tcp_server() [127.0.0.10]:7777 failed (98:Address already in use) (../lib/core/ogs-tcp.c:74)
04/01 00:40:08.809: [sbi] ERROR: Cannot start SBI server (../lib/sbi/nghttp2-server.c:389)
04/01 00:40:08.809: [app] ERROR: Failed to initialize NRF (../src/nrf/app.c:28)
04/01 00:40:08.809: [app] FATAL: Open5GS initialization failed. Aborted (../src/main.c:219)
04/01 00:40:08.811: [core] FATAL: child_main: Assertion `out_return_code == 0' failed. (../tests/common/application.c:109)
04/01 00:40:08.811: [core] FATAL: backtrace() returned 5 addresses (../lib/core/ogs-abort.c:37)
/home/test/open5gs/build/tests/vonr/vonr(+0x43403) [0x55ff90e5a403]
/home/test/open5gs/build/tests/vonr/../../lib/core/libogscore.so.2(+0x105e8) [0x7f479d0d55e8]
/lib/x86_64-linux-gnu/libpthread.so.0(+0x76db) [0x7f4799c9a6db]
/lib/x86_64-linux-gnu/libc.so.6(clone+0x3f) [0x7f47999c361f]
 6/13 open5gs:5gc / vonr                      FAIL     0.17 s
04/01 00:40:08.975: [sock] ERROR: socket bind(2) [127.0.0.10]:7777 failed (98:Address already in use) (../lib/core/ogs-socket.c:116)
04/01 00:40:08.975: [sock] ERROR: tcp_server() [127.0.0.10]:7777 failed (98:Address already in use) (../lib/core/ogs-tcp.c:74)
04/01 00:40:08.975: [sbi] ERROR: Cannot start SBI server (../lib/sbi/nghttp2-server.c:389)
04/01 00:40:08.975: [app] ERROR: Failed to initialize NRF (../src/nrf/app.c:28)
04/01 00:40:08.975: [app] FATAL: Open5GS initialization failed. Aborted (../src/main.c:219)
04/01 00:40:08.977: [core] FATAL: child_main: Assertion `out_return_code == 0' failed. (../tests/common/application.c:109)
04/01 00:40:08.977: [core] FATAL: backtrace() returned 5 addresses (../lib/core/ogs-abort.c:37)
/home/test/open5gs/build/tests/slice/slice(+0x2c20d) [0x558c9ebff20d]
/home/test/open5gs/build/tests/slice/../../lib/core/libogscore.so.2(+0x105e8) [0x7f6461e6a5e8]
/lib/x86_64-linux-gnu/libpthread.so.0(+0x76db) [0x7f645f3306db]
/lib/x86_64-linux-gnu/libc.so.6(clone+0x3f) [0x7f645f05961f]
 7/13 open5gs:5gc / slice                     FAIL     0.17 s
04/01 00:40:09.169: [diam] ERROR: pid:Main in fd_sctp_create_bind_server@sctp.c:883: ERROR: in '(sctp_bindx(*sock, sar, count, 0x01))' :	Address already in use
 ((null):0)
04/01 00:40:09.169: [diam] ERROR: pid:Main in fd_cnx_serv_sctp@cnxctx.c:181: ERROR: in '(fd_sctp_create_bind_server( &cnx->cc_socket, cnx->cc_family, ep_list, port ))' :	Address already in use
 ((null):0)
04/01 00:40:09.169: [diam] ERROR: pid:Main in fd_servers_start@server.c:355: ERROR: in '(s->conn = fd_cnx_serv_sctp(fd_g_config->cnf_port, empty_conf_ep ? ((void *)0) : &fd_g_config->cnf_endpoints))' :	Transport endpoint is not connected
 ((null):0)
04/01 00:40:09.169: [diam] ERROR: pid:Main in fd_core_start_int@core.c:300: ERROR: in '((fd_servers_start()))' :	Transport endpoint is not connected
 ((null):0)
04/01 00:40:09.169: [diam] ERROR: pid:Main in ogs_diam_start@init.c:71: ERROR: in '(fd_core_start())' :	Transport endpoint is not connected
 ((null):0)
04/01 00:40:09.219: [diam] ERROR: pid:Main in fd_sctp_create_bind_server@sctp.c:883: ERROR: in '(sctp_bindx(*sock, sar, count, 0x01))' :	Address already in use
 ((null):0)
04/01 00:40:09.220: [diam] ERROR: pid:Main in fd_cnx_serv_sctp@cnxctx.c:181: ERROR: in '(fd_sctp_create_bind_server( &cnx->cc_socket, cnx->cc_family, ep_list, port ))' :	Address already in use
 ((null):0)
04/01 00:40:09.220: [diam] ERROR: pid:Main in fd_servers_start@server.c:355: ERROR: in '(s->conn = fd_cnx_serv_sctp(fd_g_config->cnf_port, empty_conf_ep ? ((void *)0) : &fd_g_config->cnf_endpoints))' :	Transport endpoint is not connected
 ((null):0)
04/01 00:40:09.220: [diam] ERROR: pid:Main in fd_core_start_int@core.c:300: ERROR: in '((fd_servers_start()))' :	Transport endpoint is not connected
 ((null):0)
04/01 00:40:09.220: [diam] ERROR: pid:Main in ogs_diam_start@init.c:71: ERROR: in '(fd_core_start())' :	Transport endpoint is not connected
 ((null):0)
04/01 00:40:09.279: [hss] FATAL: hss_fd_init: Assertion `rv == 0' failed. (../src/hss/hss-fd-path.c:41)
04/01 00:40:09.279: [core] FATAL: backtrace() returned 7 addresses (../lib/core/ogs-abort.c:37)
/home/test/open5gs/build/src/hss/open5gs-hssd(+0x1a61d) [0x5639f9cdc61d]
/home/test/open5gs/build/src/hss/open5gs-hssd(+0x6f66) [0x5639f9cc8f66]
/home/test/open5gs/build/src/hss/open5gs-hssd(+0x654b) [0x5639f9cc854b]
/home/test/open5gs/build/src/hss/open5gs-hssd(+0x6dca) [0x5639f9cc8dca]
/lib/x86_64-linux-gnu/libc.so.6(__libc_start_main+0xe7) [0x7f55fb97ec87]
/home/test/open5gs/build/src/hss/open5gs-hssd(+0x645a) [0x5639f9cc845a]
04/01 00:40:09.330: [pcrf] FATAL: pcrf_fd_init: Assertion `rv == 0' failed. (../src/pcrf/pcrf-fd-path.c:37)
04/01 00:40:09.330: [core] FATAL: backtrace() returned 7 addresses (../lib/core/ogs-abort.c:37)
/home/test/open5gs/build/src/pcrf/open5gs-pcrfd(+0x6696) [0x55714eea4696]
/home/test/open5gs/build/src/pcrf/open5gs-pcrfd(+0x48ec) [0x55714eea28ec]
/home/test/open5gs/build/src/pcrf/open5gs-pcrfd(+0x3ecb) [0x55714eea1ecb]
/home/test/open5gs/build/src/pcrf/open5gs-pcrfd(+0x474a) [0x55714eea274a]
/lib/x86_64-linux-gnu/libc.so.6(__libc_start_main+0xe7) [0x7f19d1143c87]
/home/test/open5gs/build/src/pcrf/open5gs-pcrfd(+0x3dda) [0x55714eea1dda]
04/01 00:40:09.385: [sock] ERROR: socket bind(2) [127.0.0.7]:8805 failed (98:Address already in use) (../lib/core/ogs-socket.c:116)
04/01 00:40:09.385: [sock] ERROR: udp_server() [127.0.0.7]:8805 failed (98:Address already in use) (../lib/core/ogs-udp.c:69)
04/01 00:40:09.385: [app] ERROR: Failed to initialize UPF (../src/upf/app.c:28)
04/01 00:40:09.385: [app] FATAL: Open5GS initialization failed. Aborted (../src/main.c:219)
04/01 00:40:09.393: [core] FATAL: child_main: Assertion `out_return_code == 0' failed. (../tests/common/application.c:109)
04/01 00:40:09.394: [core] FATAL: backtrace() returned 5 addresses (../lib/core/ogs-abort.c:37)
/home/test/open5gs/build/tests/attach/attach(+0x36722) [0x5608e945f722]
/home/test/open5gs/build/tests/attach/../../lib/core/libogscore.so.2(+0x105e8) [0x7f2b7bffb5e8]
/lib/x86_64-linux-gnu/libpthread.so.0(+0x76db) [0x7f2b7988d6db]
/lib/x86_64-linux-gnu/libc.so.6(clone+0x3f) [0x7f2b795b661f]
 8/13 open5gs:epc / attach                    FAIL     0.47 s
04/01 00:40:09.633: [diam] ERROR: pid:Main in fd_tcp_create_bind_server@tcp.c:107: ERROR: in '(bind( *sock, sa, salen ))' :	Address already in use
 ((null):0)
04/01 00:40:09.633: [diam] ERROR: pid:Main in fd_cnx_serv_tcp@cnxctx.c:135: ERROR: in '(fd_tcp_create_bind_server( &cnx->cc_socket, sa, ( (socklen_t) ( (((struct sockaddr *)sa)->sa_family == 2) ? (sizeof(struct sockaddr_in)) : ((((struct sockaddr *)sa)->sa_family == 10) ? (sizeof(struct sockaddr_in6)) : 0 ) ) ) ))' :	Address already in use
 ((null):0)
04/01 00:40:09.633: [diam] ERROR: pid:Main in fd_servers_start@server.c:433: ERROR: in '(s->conn = fd_cnx_serv_tcp(fd_g_config->cnf_port, sa->sa_family, ep))' :	Transport endpoint is not connected
 ((null):0)
04/01 00:40:09.633: [diam] ERROR: pid:Main in fd_core_start_int@core.c:300: ERROR: in '((fd_servers_start()))' :	Transport endpoint is not connected
 ((null):0)
04/01 00:40:09.633: [diam] ERROR: pid:Main in ogs_diam_start@init.c:71: ERROR: in '(fd_core_start())' :	Transport endpoint is not connected
 ((null):0)
04/01 00:40:09.744: [core] FATAL: test_fd_init: Assertion `ret == 0' failed. (../tests/volte/test-fd-path.c:83)
04/01 00:40:09.744: [core] FATAL: backtrace() returned 8 addresses (../lib/core/ogs-abort.c:37)
/home/test/open5gs/build/tests/volte/volte(+0x5f5f) [0x55b7f7389f5f]
/home/test/open5gs/build/tests/volte/volte(+0x1f9bd) [0x55b7f73a39bd]
/home/test/open5gs/build/tests/volte/volte(+0x4e5ca) [0x55b7f73d25ca]
/home/test/open5gs/build/tests/volte/volte(+0x4e61e) [0x55b7f73d261e]
/home/test/open5gs/build/tests/volte/volte(+0x1facf) [0x55b7f73a3acf]
/lib/x86_64-linux-gnu/libc.so.6(__libc_start_main+0xe7) [0x7fe2fc245c87]
/home/test/open5gs/build/tests/volte/volte(+0x59ba) [0x55b7f73899ba]
 9/13 open5gs:epc / volte                     FAIL     0.33 s
04/01 00:40:09.963: [diam] ERROR: pid:Main in fd_sctp_create_bind_server@sctp.c:883: ERROR: in '(sctp_bindx(*sock, sar, count, 0x01))' :	Address already in use
 ((null):0)
04/01 00:40:09.963: [diam] ERROR: pid:Main in fd_cnx_serv_sctp@cnxctx.c:181: ERROR: in '(fd_sctp_create_bind_server( &cnx->cc_socket, cnx->cc_family, ep_list, port ))' :	Address already in use
 ((null):0)
04/01 00:40:09.963: [diam] ERROR: pid:Main in fd_servers_start@server.c:355: ERROR: in '(s->conn = fd_cnx_serv_sctp(fd_g_config->cnf_port, empty_conf_ep ? ((void *)0) : &fd_g_config->cnf_endpoints))' :	Transport endpoint is not connected
 ((null):0)
04/01 00:40:09.963: [diam] ERROR: pid:Main in fd_core_start_int@core.c:300: ERROR: in '((fd_servers_start()))' :	Transport endpoint is not connected
 ((null):0)
04/01 00:40:09.963: [diam] ERROR: pid:Main in ogs_diam_start@init.c:71: ERROR: in '(fd_core_start())' :	Transport endpoint is not connected
 ((null):0)
04/01 00:40:10.018: [diam] ERROR: pid:Main in fd_sctp_create_bind_server@sctp.c:883: ERROR: in '(sctp_bindx(*sock, sar, count, 0x01))' :	Address already in use
 ((null):0)
04/01 00:40:10.019: [diam] ERROR: pid:Main in fd_cnx_serv_sctp@cnxctx.c:181: ERROR: in '(fd_sctp_create_bind_server( &cnx->cc_socket, cnx->cc_family, ep_list, port ))' :	Address already in use
 ((null):0)
04/01 00:40:10.019: [diam] ERROR: pid:Main in fd_servers_start@server.c:355: ERROR: in '(s->conn = fd_cnx_serv_sctp(fd_g_config->cnf_port, empty_conf_ep ? ((void *)0) : &fd_g_config->cnf_endpoints))' :	Transport endpoint is not connected
 ((null):0)
04/01 00:40:10.019: [diam] ERROR: pid:Main in fd_core_start_int@core.c:300: ERROR: in '((fd_servers_start()))' :	Transport endpoint is not connected
 ((null):0)
04/01 00:40:10.019: [diam] ERROR: pid:Main in ogs_diam_start@init.c:71: ERROR: in '(fd_core_start())' :	Transport endpoint is not connected
 ((null):0)
04/01 00:40:10.074: [hss] FATAL: hss_fd_init: Assertion `rv == 0' failed. (../src/hss/hss-fd-path.c:41)
04/01 00:40:10.074: [core] FATAL: backtrace() returned 7 addresses (../lib/core/ogs-abort.c:37)
/home/test/open5gs/build/src/hss/open5gs-hssd(+0x1a61d) [0x55d70527861d]
/home/test/open5gs/build/src/hss/open5gs-hssd(+0x6f66) [0x55d705264f66]
/home/test/open5gs/build/src/hss/open5gs-hssd(+0x654b) [0x55d70526454b]
/home/test/open5gs/build/src/hss/open5gs-hssd(+0x6dca) [0x55d705264dca]
/lib/x86_64-linux-gnu/libc.so.6(__libc_start_main+0xe7) [0x7fe62464bc87]
/home/test/open5gs/build/src/hss/open5gs-hssd(+0x645a) [0x55d70526445a]
04/01 00:40:10.130: [pcrf] FATAL: pcrf_fd_init: Assertion `rv == 0' failed. (../src/pcrf/pcrf-fd-path.c:37)
04/01 00:40:10.130: [core] FATAL: backtrace() returned 7 addresses (../lib/core/ogs-abort.c:37)
/home/test/open5gs/build/src/pcrf/open5gs-pcrfd(+0x6696) [0x56237b110696]
/home/test/open5gs/build/src/pcrf/open5gs-pcrfd(+0x48ec) [0x56237b10e8ec]
/home/test/open5gs/build/src/pcrf/open5gs-pcrfd(+0x3ecb) [0x56237b10decb]
/home/test/open5gs/build/src/pcrf/open5gs-pcrfd(+0x474a) [0x56237b10e74a]
/lib/x86_64-linux-gnu/libc.so.6(__libc_start_main+0xe7) [0x7fc928789c87]
/home/test/open5gs/build/src/pcrf/open5gs-pcrfd(+0x3dda) [0x56237b10ddda]
04/01 00:40:10.181: [sock] ERROR: socket bind(2) [127.0.0.7]:8805 failed (98:Address already in use) (../lib/core/ogs-socket.c:116)
04/01 00:40:10.181: [sock] ERROR: udp_server() [127.0.0.7]:8805 failed (98:Address already in use) (../lib/core/ogs-udp.c:69)
04/01 00:40:10.181: [app] ERROR: Failed to initialize UPF (../src/upf/app.c:28)
04/01 00:40:10.181: [app] FATAL: Open5GS initialization failed. Aborted (../src/main.c:219)
04/01 00:40:10.193: [core] FATAL: child_main: Assertion `out_return_code == 0' failed. (../tests/common/application.c:109)
04/01 00:40:10.193: [core] FATAL: backtrace() returned 5 addresses (../lib/core/ogs-abort.c:37)
/home/test/open5gs/build/tests/csfb/csfb(+0x25db5) [0x555e44be6db5]
/home/test/open5gs/build/tests/csfb/../../lib/core/libogscore.so.2(+0x105e8) [0x7f86938415e8]
/lib/x86_64-linux-gnu/libpthread.so.0(+0x76db) [0x7f86910d36db]
/lib/x86_64-linux-gnu/libc.so.6(clone+0x3f) [0x7f8690dfc61f]
10/13 open5gs:epc / csfb                      FAIL     0.47 s
04/01 00:40:10.423: [sock] ERROR: socket bind(2) [127.0.0.10]:7777 failed (98:Address already in use) (../lib/core/ogs-socket.c:116)
04/01 00:40:10.423: [sock] ERROR: tcp_server() [127.0.0.10]:7777 failed (98:Address already in use) (../lib/core/ogs-tcp.c:74)
04/01 00:40:10.423: [sbi] ERROR: Cannot start SBI server (../lib/sbi/nghttp2-server.c:389)
04/01 00:40:10.423: [app] ERROR: Failed to initialize NRF (../src/nrf/app.c:28)
04/01 00:40:10.423: [app] FATAL: Open5GS initialization failed. Aborted (../src/main.c:219)
04/01 00:40:10.426: [core] FATAL: child_main: Assertion `out_return_code == 0' failed. (../tests/common/application.c:109)
04/01 00:40:10.427: [core] FATAL: backtrace() returned 5 addresses (../lib/core/ogs-abort.c:37)
/home/test/open5gs/build/tests/310014/310014(+0x1bf3f) [0x559333200f3f]
/home/test/open5gs/build/tests/310014/../../lib/core/libogscore.so.2(+0x105e8) [0x7fb6be0755e8]
/lib/x86_64-linux-gnu/libpthread.so.0(+0x76db) [0x7fb6bb7016db]
/lib/x86_64-linux-gnu/libc.so.6(clone+0x3f) [0x7fb6bb42a61f]
11/13 open5gs:app / 310014                    FAIL     0.22 s
04/01 00:40:10.639: [sock] ERROR: socket bind(2) [127.0.0.10]:7777 failed (98:Address already in use) (../lib/core/ogs-socket.c:116)
04/01 00:40:10.639: [sock] ERROR: tcp_server() [127.0.0.10]:7777 failed (98:Address already in use) (../lib/core/ogs-tcp.c:74)
04/01 00:40:10.639: [sbi] ERROR: Cannot start SBI server (../lib/sbi/nghttp2-server.c:389)
04/01 00:40:10.639: [app] ERROR: Failed to initialize NRF (../src/nrf/app.c:28)
04/01 00:40:10.640: [app] FATAL: Open5GS initialization failed. Aborted (../src/main.c:219)
04/01 00:40:10.642: [core] FATAL: child_main: Assertion `out_return_code == 0' failed. (../tests/common/application.c:109)
04/01 00:40:10.642: [core] FATAL: backtrace() returned 5 addresses (../lib/core/ogs-abort.c:37)
/home/test/open5gs/build/tests/handover/handover(+0x31fae) [0x55f105fc2fae]
/home/test/open5gs/build/tests/handover/../../lib/core/libogscore.so.2(+0x105e8) [0x7fae234e05e8]
/lib/x86_64-linux-gnu/libpthread.so.0(+0x76db) [0x7fae205926db]
/lib/x86_64-linux-gnu/libc.so.6(clone+0x3f) [0x7fae202bb61f]
12/13 open5gs:app / handover                  FAIL     0.22 s
04/01 00:40:10.872: [diam] ERROR: pid:Main in fd_tcp_create_bind_server@tcp.c:107: ERROR: in '(bind( *sock, sa, salen ))' :	Address already in use
 ((null):0)
04/01 00:40:10.872: [diam] ERROR: pid:Main in fd_cnx_serv_tcp@cnxctx.c:135: ERROR: in '(fd_tcp_create_bind_server( &cnx->cc_socket, sa, ( (socklen_t) ( (((struct sockaddr *)sa)->sa_family == 2) ? (sizeof(struct sockaddr_in)) : ((((struct sockaddr *)sa)->sa_family == 10) ? (sizeof(struct sockaddr_in6)) : 0 ) ) ) ))' :	Address already in use
 ((null):0)
04/01 00:40:10.872: [diam] ERROR: pid:Main in fd_servers_start@server.c:433: ERROR: in '(s->conn = fd_cnx_serv_tcp(fd_g_config->cnf_port, sa->sa_family, ep))' :	Transport endpoint is not connected
 ((null):0)
04/01 00:40:10.872: [diam] ERROR: pid:Main in fd_core_start_int@core.c:300: ERROR: in '((fd_servers_start()))' :	Transport endpoint is not connected
 ((null):0)
04/01 00:40:10.872: [diam] ERROR: pid:Main in ogs_diam_start@init.c:71: ERROR: in '(fd_core_start())' :	Transport endpoint is not connected
 ((null):0)
04/01 00:40:10.981: [core] FATAL: test_fd_init: Assertion `ret == 0' failed. (../tests/non3gpp/test-fd-path.c:90)
04/01 00:40:10.981: [core] FATAL: backtrace() returned 8 addresses (../lib/core/ogs-abort.c:37)
/home/test/open5gs/build/tests/non3gpp/non3gpp(+0x5ba4) [0x5561d2ef5ba4]
/home/test/open5gs/build/tests/non3gpp/non3gpp(+0x1095e) [0x5561d2f0095e]
/home/test/open5gs/build/tests/non3gpp/non3gpp(+0x2b201) [0x5561d2f1b201]
/home/test/open5gs/build/tests/non3gpp/non3gpp(+0x2b255) [0x5561d2f1b255]
/home/test/open5gs/build/tests/non3gpp/non3gpp(+0x10a70) [0x5561d2f00a70]
/lib/x86_64-linux-gnu/libc.so.6(__libc_start_main+0xe7) [0x7f11008b4c87]
/home/test/open5gs/build/tests/non3gpp/non3gpp(+0x54ca) [0x5561d2ef54ca]
13/13 open5gs:epc / non3gpp                   FAIL     0.32 s

OK:         4
FAIL:       9
SKIP:       0
TIMEOUT:    0

test@ubuntu:~/open5gs/build$ sudo netstat -nlp | grep 38412
sctp                127.0.0.5:38412                                 LISTEN      39450/open5gs-amfd  
test@ubuntu:~/open5gs/build$ sudo kill -9 39450
test@ubuntu:~/open5gs/build$ sudo netstat -nlp | grep 36412
sctp                127.0.0.2:36412                                 LISTEN      39722/open5gs-mmed  
test@ubuntu:~/open5gs/build$ sudo kill -9 39722
test@ubuntu:~/open5gs/build$ sudo netstat -nlp | grep 2152
udp        0      0 127.0.0.6:2152          0.0.0.0:*                           39614/open5gs-sgwud 
udp        0      0 127.0.0.4:2152          0.0.0.0:*                           39448/open5gs-smfd  
udp        0      0 127.0.0.7:2152          0.0.0.0:*                           39446/open5gs-upfd  
test@ubuntu:~/open5gs/build$ sudo kill -9 39614 39448 39446
test@ubuntu:~/open5gs/build$ sudo netstat -nlp | grep 8805
udp        0      0 127.0.0.3:8805          0.0.0.0:*                           39618/open5gs-sgwcd 
test@ubuntu:~/open5gs/build$ sudo kill -9 39618
test@ubuntu:~/open5gs/build$ sudo netstat -nlp | grep 2123
test@ubuntu:~/open5gs/build$ sudo netstat -nlp | grep 7777
tcp        0      0 127.0.0.20:7777         0.0.0.0:*               LISTEN      39507/open5gs-udrd  
tcp        0      0 127.0.0.15:7777         0.0.0.0:*               LISTEN      39504/open5gs-bsfd  
tcp        0      0 127.0.0.14:7777         0.0.0.0:*               LISTEN      39473/open5gs-nssfd 
tcp        0      0 127.0.0.13:7777         0.0.0.0:*               LISTEN      39459/open5gs-pcfd  
tcp        0      0 127.0.0.12:7777         0.0.0.0:*               LISTEN      39456/open5gs-udmd  
tcp        0      0 127.0.0.11:7777         0.0.0.0:*               LISTEN      39452/open5gs-ausfd 
tcp        0      0 127.0.0.200:7777        0.0.0.0:*               LISTEN      39443/open5gs-scpd  
tcp        0      0 127.0.0.10:7777         0.0.0.0:*               LISTEN      39440/open5gs-nrfd  
test@ubuntu:~/open5gs/build$ sudo kill -9 39507 39504 39473 39459 39456 39452 39443 39440
test@ubuntu:~/open5gs/build$ sudo netstat -nlp | grep 2152
test@ubuntu:~/open5gs/build$ sudo netstat -nlp | grep 3868
tcp        0      0 127.0.0.9:3868          0.0.0.0:*               LISTEN      39566/open5gs-pcrfd 
tcp        0      0 127.0.0.8:3868          0.0.0.0:*               LISTEN      39525/open5gs-hssd  
sctp                127.0.0.9:3868                                  LISTEN      39566/open5gs-pcrfd 
sctp                127.0.0.8:3868                                  LISTEN      39525/open5gs-hssd  
test@ubuntu:~/open5gs/build$ sudo kill -9 39566 39525 39566 39525
test@ubuntu:~/open5gs/build$ sudo netstat -nlp | grep 38412
test@ubuntu:~/open5gs/build$ sudo netstat -nlp | grep 36412
test@ubuntu:~/open5gs/build$ sudo netstat -nlp | grep 2152
test@ubuntu:~/open5gs/build$ sudo netstat -nlp | grep 8805
test@ubuntu:~/open5gs/build$ sudo netstat -nlp | grep 2123
test@ubuntu:~/open5gs/build$ sudo netstat -nlp | grep 7777
test@ubuntu:~/open5gs/build$ sudo netstat -nlp | grep 2152
test@ubuntu:~/open5gs/build$ sudo netstat -nlp | grep 3868
test@ubuntu:~/open5gs/build$ meson test -v
ninja: Entering directory `/home/test/open5gs/build'
ninja: no work to do.
list-test           : SUCCESS
pool-test           : SUCCESS
strings-test        : SUCCESS
time-test           : SUCCESS
conv-test           : SUCCESS
log-test            : SUCCESS
pkbuf-test          : SUCCESS
memory-test         : SUCCESS
rbtree-test         : SUCCESS
timer-test          : SUCCESS
thread-test         : SUCCESS
socket-test         : SUCCESS
queue-test          : SUCCESS
poll-test           : SUCCESS
tlv-test            : SUCCESS
fsm-test            : SUCCESS
hash-test           : SUCCESS
uuid-test           : SUCCESS
All tests passed.
 1/13 open5gs:unit / core                     OK       6.99 s
aes-test            : SUCCESS
sha-test            : SUCCESS
base64-test         : SUCCESS
ecies-test          : SUCCESS
All tests passed.
 2/13 open5gs:unit / crypt                    OK       0.12 s
sctp-test           : SUCCESS
All tests passed.
 3/13 open5gs:app / sctp                      OK       0.02 s
proto-message-test  : SUCCESS
s1ap-message-test   : SUCCESS
nas-message-test    : SUCCESS
gtp-message-test    : SUCCESS
ngap-message-test   : SUCCESS
sbi-message-test    : SUCCESS
security-test       : SUCCESS
crash-test          : SUCCESS
All tests passed.
 4/13 open5gs:unit / unit                     OK       0.02 s
simple-test         : SUCCESS
guti-test           : SUCCESS
auth-test           : SUCCESS
ecc-test            : SUCCESS
idle-test           : SUCCESS
dereg-test          : SUCCESS
identity-test       : SUCCESS
gmm-status-test     : SUCCESS
ue-context-test     : SUCCESS
reset-test          : SUCCESS
multi-ue-test       : SUCCESS
All tests passed.
 5/13 open5gs:5gc / registration              OK      13.99 s
qos-flow-test       : SUCCESS
session-test        : SUCCESS
simple-test         : SUCCESS
af-test             : SUCCESS
video-test          : SUCCESS
All tests passed.
 6/13 open5gs:5gc / vonr                      OK      14.15 s
same-dnn-test       : SUCCESS
different-dnn-test  : SUCCESS
paging-test         : SUCCESS
All tests passed.
04/01 00:44:36.346: [sbi] ERROR: ogs_queue_push() failed:-4 (../lib/sbi/path.c:46)
 7/13 open5gs:5gc / slice                     OK      12.72 s
s1setup-test        : SUCCESS
simple-test         : SUCCESS
guti-test           : SUCCESS
auth-test           : SUCCESS
idle-test           : SUCCESS
emm-status-test     : SUCCESS
ue-context-test     : SUCCESS
reset-test          : SUCCESS
issues-test         : SUCCESS
crash-test          : SUCCESS
All tests passed.
 8/13 open5gs:epc / attach                    OK      12.53 s
bearer-test         : SUCCESS
session-test        : SUCCESS
simple-test         : SUCCESS
rx-test             : SUCCESS
video-test          : SUCCESS
cx-test             : SUCCESS
All tests passed.
 9/13 open5gs:epc / volte                     OK      14.21 s
mo-idle-test        : SUCCESS
mt-idle-test        : SUCCESS
mo-active-test      : SUCCESS
mt-active-test      : SUCCESS
mo-sms-test         : SUCCESS
mt-sms-test         : SUCCESS
crash-test          : SUCCESS
All tests passed.
10/13 open5gs:epc / csfb                      OK       7.23 s
epc-test            : SUCCESS
All tests passed.
04/01 00:45:16.453: [sbi] ERROR: ogs_queue_push() failed:-4 (../lib/sbi/path.c:46)
11/13 open5gs:app / 310014                    OK       6.13 s
epc-x2-test         : SUCCESS
epc-s1-test         : SUCCESS
5gc-xn-test         : SUCCESS
5gc-n2-test         : SUCCESS
All tests passed.
12/13 open5gs:app / handover                  OK      13.01 s
epdg-test           : SUCCESS
All tests passed.
13/13 open5gs:epc / non3gpp                   OK       7.11 s

OK:        13
FAIL:       0
SKIP:       0
TIMEOUT:    0